Using pre-set license
Built from '2021.3/staging' branch; Version is '2021.3.20f1 (577897200b8b) revision 5732503'; Using compiler version '192829333'; Build Type 'Release'
OS: 'Windows 11  (10.0.22621) 64bit CoreSingleLanguage' Language: 'en' Physical Memory: 7975 MB
BatchMode: 1, IsHumanControllingUs: 0, StartBugReporterOnCrash: 0, Is64bit: 1, IsPro: 1

COMMAND LINE ARGUMENTS:
C:\Program Files\Unity\Hub\Editor\2021.3.20f1\Editor\Unity.exe
-adb2
-batchMode
-noUpm
-name
AssetImportWorker2
-projectPath
C:/z_UnityProjects/battle-tank-game
-logFile
Logs/AssetImportWorker2.log
-srvPort
51258
Successfully changed project path to: C:/z_UnityProjects/battle-tank-game
C:/z_UnityProjects/battle-tank-game
[UnityMemory] Configuration Parameters - Can be set up in boot.config
    "memorysetup-bucket-allocator-granularity=16"
    "memorysetup-bucket-allocator-bucket-count=8"
    "memorysetup-bucket-allocator-block-size=33554432"
    "memorysetup-bucket-allocator-block-count=8"
    "memorysetup-main-allocator-block-size=16777216"
    "memorysetup-thread-allocator-block-size=16777216"
    "memorysetup-gfx-main-allocator-block-size=16777216"
    "memorysetup-gfx-thread-allocator-block-size=16777216"
    "memorysetup-cache-allocator-block-size=4194304"
    "memorysetup-typetree-allocator-block-size=2097152"
    "memorysetup-profiler-bucket-allocator-granularity=16"
    "memorysetup-profiler-bucket-allocator-bucket-count=8"
    "memorysetup-profiler-bucket-allocator-block-size=33554432"
    "memorysetup-profiler-bucket-allocator-block-count=8"
    "memorysetup-profiler-allocator-block-size=16777216"
    "memorysetup-profiler-editor-allocator-block-size=1048576"
    "memorysetup-temp-allocator-size-main=16777216"
    "memorysetup-job-temp-allocator-block-size=2097152"
    "memorysetup-job-temp-allocator-block-size-background=1048576"
    "memorysetup-job-temp-allocator-reduction-small-platforms=262144"
    "memorysetup-temp-allocator-size-background-worker=32768"
    "memorysetup-temp-allocator-size-job-worker=262144"
    "memorysetup-temp-allocator-size-preload-manager=33554432"
    "memorysetup-temp-allocator-size-nav-mesh-worker=65536"
    "memorysetup-temp-allocator-size-audio-worker=65536"
    "memorysetup-temp-allocator-size-cloud-worker=32768"
    "memorysetup-temp-allocator-size-gi-baking-worker=262144"
    "memorysetup-temp-allocator-size-gfx=262144"
Player connection [20424] Host "[IP] 192.168.1.3 [Port] 0 [Flags] 2 [Guid] 57565815 [EditorId] 57565815 [Version] 1048832 [Id] WindowsEditor(7,Yogesh) [Debug] 1 [PackageName] WindowsEditor [ProjectName] Editor" joined multi-casting on [225.0.0.222:54997]...

Player connection [20424] Host "[IP] 192.168.1.3 [Port] 0 [Flags] 2 [Guid] 57565815 [EditorId] 57565815 [Version] 1048832 [Id] WindowsEditor(7,Yogesh) [Debug] 1 [PackageName] WindowsEditor [ProjectName] Editor" joined alternative multi-casting on [225.0.0.222:34997]...

Refreshing native plugins compatible for Editor in 41.06 ms, found 2 plugins.
Preloading 0 native plugins for Editor in 0.00 ms.
Initialize engine version: 2021.3.20f1 (577897200b8b)
[Subsystems] Discovering subsystems at path C:/Program Files/Unity/Hub/Editor/2021.3.20f1/Editor/Data/Resources/UnitySubsystems
[Subsystems] Discovering subsystems at path C:/z_UnityProjects/battle-tank-game/Assets
GfxDevice: creating device client; threaded=0; jobified=0
Direct3D:
    Version:  Direct3D 11.0 [level 11.1]
    Renderer: NVIDIA GeForce GTX 1650 (ID=0x1f9d)
    Vendor:   NVIDIA
    VRAM:     3965 MB
    Driver:   30.0.15.1236
Initialize mono
Mono path[0] = 'C:/Program Files/Unity/Hub/Editor/2021.3.20f1/Editor/Data/Managed'
Mono path[1] = 'C:/Program Files/Unity/Hub/Editor/2021.3.20f1/Editor/Data/MonoBleedingEdge/lib/mono/unityjit-win32'
Mono config path = 'C:/Program Files/Unity/Hub/Editor/2021.3.20f1/Editor/Data/MonoBleedingEdge/etc'
Using monoOptions --debugger-agent=transport=dt_socket,embedding=1,server=y,suspend=n,address=127.0.0.1:56312
Begin MonoManager ReloadAssembly
Registering precompiled unity dll's ...
Register platform support module: C:/Program Files/Unity/Hub/Editor/2021.3.20f1/Editor/Data/PlaybackEngines/WebGLSupport/UnityEditor.WebGL.Extensions.dll
Register platform support module: C:/Program Files/Unity/Hub/Editor/2021.3.20f1/Editor/Data/PlaybackEngines/AndroidPlayer/UnityEditor.Android.Extensions.dll
Register platform support module: C:/Program Files/Unity/Hub/Editor/2021.3.20f1/Editor/Data/PlaybackEngines/WindowsStandaloneSupport/UnityEditor.WindowsStandalone.Extensions.dll
Registered in 0.004195 seconds.
Native extension for WindowsStandalone target not found
Native extension for Android target not found
Android Extension - Scanning For ADB Devices 331 ms
Native extension for WebGL target not found
Refreshing native plugins compatible for Editor in 39.30 ms, found 2 plugins.
Preloading 0 native plugins for Editor in 0.00 ms.
Mono: successfully reloaded assembly
- Completed reload, in  1.173 seconds
Domain Reload Profiling:
	ReloadAssembly (1174ms)
		BeginReloadAssembly (86ms)
			ExecutionOrderSort (0ms)
			DisableScriptedObjects (0ms)
			BackupInstance (0ms)
			ReleaseScriptingObjects (0ms)
			CreateAndSetChildDomain (1ms)
		EndReloadAssembly (877ms)
			LoadAssemblies (86ms)
			RebuildTransferFunctionScriptingTraits (0ms)
			SetupTypeCache (249ms)
			ReleaseScriptCaches (0ms)
			RebuildScriptCaches (24ms)
			SetupLoadedEditorAssemblies (562ms)
				LogAssemblyErrors (0ms)
				InitializePlatformSupportModulesInManaged (385ms)
				SetLoadedEditorAssemblies (0ms)
				RefreshPlugins (39ms)
				BeforeProcessingInitializeOnLoad (1ms)
				ProcessInitializeOnLoadAttributes (87ms)
				ProcessInitializeOnLoadMethodAttributes (49ms)
				AfterProcessingInitializeOnLoad (0ms)
				EditorAssembliesLoaded (0ms)
			ExecutionOrderSort2 (0ms)
			AwakeInstancesAfterBackupRestoration (0ms)
Platform modules already initialized, skipping
Registering precompiled user dll's ...
Registered in 0.004715 seconds.
Begin MonoManager ReloadAssembly
Native extension for WindowsStandalone target not found
Native extension for Android target not found
Native extension for WebGL target not found
Refreshing native plugins compatible for Editor in 0.57 ms, found 2 plugins.
Preloading 0 native plugins for Editor in 0.00 ms.
Mono: successfully reloaded assembly
- Completed reload, in  1.118 seconds
Domain Reload Profiling:
	ReloadAssembly (1118ms)
		BeginReloadAssembly (149ms)
			ExecutionOrderSort (0ms)
			DisableScriptedObjects (8ms)
			BackupInstance (0ms)
			ReleaseScriptingObjects (0ms)
			CreateAndSetChildDomain (30ms)
		EndReloadAssembly (832ms)
			LoadAssemblies (102ms)
			RebuildTransferFunctionScriptingTraits (0ms)
			SetupTypeCache (189ms)
			ReleaseScriptCaches (1ms)
			RebuildScriptCaches (41ms)
			SetupLoadedEditorAssemblies (503ms)
				LogAssemblyErrors (0ms)
				InitializePlatformSupportModulesInManaged (14ms)
				SetLoadedEditorAssemblies (0ms)
				RefreshPlugins (1ms)
				BeforeProcessingInitializeOnLoad (65ms)
				ProcessInitializeOnLoadAttributes (286ms)
				ProcessInitializeOnLoadMethodAttributes (134ms)
				AfterProcessingInitializeOnLoad (3ms)
				EditorAssembliesLoaded (0ms)
			ExecutionOrderSort2 (0ms)
			AwakeInstancesAfterBackupRestoration (5ms)
Platform modules already initialized, skipping
========================================================================
Worker process is ready to serve import requests
Launched and connected shader compiler UnityShaderCompiler.exe after 0.05 seconds
Refreshing native plugins compatible for Editor in 0.62 ms, found 2 plugins.
Preloading 0 native plugins for Editor in 0.00 ms.
Unloading 2472 Unused Serialized files (Serialized files now loaded: 0)
Unloading 67 unused Assets / (345.1 KB). Loaded Objects now: 2911.
Memory consumption went from 98.5 MB to 98.1 MB.
Total: 5.502100 ms (FindLiveObjects: 0.319800 ms CreateObjectMapping: 0.123100 ms MarkObjects: 4.865000 ms  DeleteObjects: 0.192700 ms)

AssetImportParameters requested are different than current active one (requested -> active):
  custom:video-decoder-ogg-theora: a1e56fd34408186e4bbccfd4996cb3dc -> 
  custom:container-muxer-webm: aa71ff27fc2769a1b78a27578f13a17b -> 
  custom:container-demuxer-webm: 4f35f7cbe854078d1ac9338744f61a02 -> 
  custom:video-encoder-webm-vp8: eb34c28f22e8b96e1ab97ce403110664 -> 
  custom:video-codec-MediaFoundation-h265: 746d11721c4dcdbdad8f713fa42b33f4 -> 
  custom:audio-encoder-webm-vorbis: bf7c407c2cedff20999df2af8eb42d56 -> 
  custom:framework-win-MediaFoundation: 216162199b28c13a410421893ffa2e32 -> 
  custom:container-demuxer-ogg: 62fdf1f143b41e24485cea50d1cbac27 -> 
  custom:video-decoder-webm-vp8: 9c59270c3fd7afecdb556c50c9e8de78 -> 
  custom:audio-decoder-ogg-vorbis: bf7c407c2cedff20999df2af8eb42d56 -> 
========================================================================
Received Import Request.
  Time since last request: 32984.184852 seconds.
  path: Assets/ScriptableObjects/Enemy Patrol Points/PatrolPoint (20,0).asset
  artifactKey: Guid(f46cc0115548ac944a0f7b78db044785) Importer(815301076,1909f56bfc062723c751e8b465ee728b)
Start importing Assets/ScriptableObjects/Enemy Patrol Points/PatrolPoint (20,0).asset using Guid(f46cc0115548ac944a0f7b78db044785) Importer(815301076,1909f56bfc062723c751e8b465ee728b)  -> (artifact id: 'cf2490c57112cfb4dd8256e5cf132043') in 0.035572 seconds 
========================================================================
Received Import Request.
  Time since last request: 7.734346 seconds.
  path: Assets/ScriptableObjects/Enemy Patrol Points/PatrolPoint (20,0).asset
  artifactKey: Guid(f46cc0115548ac944a0f7b78db044785) Importer(815301076,1909f56bfc062723c751e8b465ee728b)
Start importing Assets/ScriptableObjects/Enemy Patrol Points/PatrolPoint (20,0).asset using Guid(f46cc0115548ac944a0f7b78db044785) Importer(815301076,1909f56bfc062723c751e8b465ee728b)  -> (artifact id: 'a9b88875d1503c1d00b0b7d29c100939') in 0.013353 seconds 
========================================================================
Received Import Request.
  Time since last request: 39.217375 seconds.
  path: Assets/ScriptableObjects/Enemy Patrol Points/PatrolPoint.asset
  artifactKey: Guid(59972afe454f8f049ab6e9cbb2d4d63d) Importer(815301076,1909f56bfc062723c751e8b465ee728b)
Start importing Assets/ScriptableObjects/Enemy Patrol Points/PatrolPoint.asset using Guid(59972afe454f8f049ab6e9cbb2d4d63d) Importer(815301076,1909f56bfc062723c751e8b465ee728b)  -> (artifact id: '4dfb6f2f519f774caebd2aef70664065') in 0.009805 seconds 
========================================================================
Received Import Request.
  Time since last request: 8.795182 seconds.
  path: Assets/ScriptableObjects/Enemy Patrol Points/PatrolPoint.asset
  artifactKey: Guid(59972afe454f8f049ab6e9cbb2d4d63d) Importer(815301076,1909f56bfc062723c751e8b465ee728b)
Start importing Assets/ScriptableObjects/Enemy Patrol Points/PatrolPoint.asset using Guid(59972afe454f8f049ab6e9cbb2d4d63d) Importer(815301076,1909f56bfc062723c751e8b465ee728b)  -> (artifact id: '1fa3295b084ca25d26496deaa1b356db') in 0.005074 seconds 
========================================================================
Received Import Request.
  Time since last request: 41.719685 seconds.
  path: Assets/ScriptableObjects/Enemy Patrol Points/PatrolPoint (-40,0).asset
  artifactKey: Guid(ed7d77103f9a0e34db91be56060c0caf) Importer(815301076,1909f56bfc062723c751e8b465ee728b)
Start importing Assets/ScriptableObjects/Enemy Patrol Points/PatrolPoint (-40,0).asset using Guid(ed7d77103f9a0e34db91be56060c0caf) Importer(815301076,1909f56bfc062723c751e8b465ee728b)  -> (artifact id: 'e26a9f73e59662d8c71a6af7c51be2c1') in 0.022148 seconds 
========================================================================
Received Import Request.
  Time since last request: 159.600690 seconds.
  path: Assets/ScriptableObjects/Enemy Patrol Points/PatrolPoint (9,-11).asset
  artifactKey: Guid(7dcb473e50ca41a4194df3010d01d4a4) Importer(815301076,1909f56bfc062723c751e8b465ee728b)
Start importing Assets/ScriptableObjects/Enemy Patrol Points/PatrolPoint (9,-11).asset using Guid(7dcb473e50ca41a4194df3010d01d4a4) Importer(815301076,1909f56bfc062723c751e8b465ee728b)  -> (artifact id: '617f4c3fb099aa2680ce052c46e21bd2') in 0.009253 seconds 
========================================================================
Received Import Request.
  Time since last request: 11.283692 seconds.
  path: Assets/ScriptableObjects/Enemy Patrol Points/PatrolPoint (9,-15).asset
  artifactKey: Guid(7dcb473e50ca41a4194df3010d01d4a4) Importer(815301076,1909f56bfc062723c751e8b465ee728b)
Start importing Assets/ScriptableObjects/Enemy Patrol Points/PatrolPoint (9,-15).asset using Guid(7dcb473e50ca41a4194df3010d01d4a4) Importer(815301076,1909f56bfc062723c751e8b465ee728b)  -> (artifact id: '56be24b63ef408aa2dc60153b6bf5266') in 0.011992 seconds 
========================================================================
Received Import Request.
  Time since last request: 49.165968 seconds.
  path: Assets/ScriptableObjects/Enemy Patrol Points/PatrolPoint (20,0).asset
  artifactKey: Guid(f46cc0115548ac944a0f7b78db044785) Importer(815301076,1909f56bfc062723c751e8b465ee728b)
Start importing Assets/ScriptableObjects/Enemy Patrol Points/PatrolPoint (20,0).asset using Guid(f46cc0115548ac944a0f7b78db044785) Importer(815301076,1909f56bfc062723c751e8b465ee728b)  -> (artifact id: 'b9b40479c472127c3b7a1c8bc4633a30') in 0.003593 seconds 
========================================================================
Received Import Request.
  Time since last request: 22.336664 seconds.
  path: Assets/ScriptableObjects/Enemy Patrol Points/PatrolPoint (20,30).asset
  artifactKey: Guid(59972afe454f8f049ab6e9cbb2d4d63d) Importer(815301076,1909f56bfc062723c751e8b465ee728b)
Start importing Assets/ScriptableObjects/Enemy Patrol Points/PatrolPoint (20,30).asset using Guid(59972afe454f8f049ab6e9cbb2d4d63d) Importer(815301076,1909f56bfc062723c751e8b465ee728b)  -> (artifact id: '40f0bdb1fbac35fb7d69d3aeca46194e') in 0.013298 seconds 
========================================================================
Received Import Request.
  Time since last request: 5.280140 seconds.
  path: Assets/ScriptableObjects/Enemy Patrol Points/PatrolPoint (20,30).asset
  artifactKey: Guid(59972afe454f8f049ab6e9cbb2d4d63d) Importer(815301076,1909f56bfc062723c751e8b465ee728b)
Start importing Assets/ScriptableObjects/Enemy Patrol Points/PatrolPoint (20,30).asset using Guid(59972afe454f8f049ab6e9cbb2d4d63d) Importer(815301076,1909f56bfc062723c751e8b465ee728b)  -> (artifact id: '3d4ce196fe201312962d85bf07be0913') in 0.003841 seconds 
========================================================================
Received Import Request.
  Time since last request: 91.196887 seconds.
  path: Assets/ScriptableObjects/Enemy Patrol Points/PatrolPoint (-40,20).asset
  artifactKey: Guid(ed7d77103f9a0e34db91be56060c0caf) Importer(815301076,1909f56bfc062723c751e8b465ee728b)
Start importing Assets/ScriptableObjects/Enemy Patrol Points/PatrolPoint (-40,20).asset using Guid(ed7d77103f9a0e34db91be56060c0caf) Importer(815301076,1909f56bfc062723c751e8b465ee728b)  -> (artifact id: 'b0a11b22507c5089601e01650073150e') in 0.012433 seconds 
========================================================================
Received Import Request.
  Time since last request: 0.007794 seconds.
  path: Assets/ScriptableObjects/Enemy Patrol Points/PatrolPoint (20,30).asset
  artifactKey: Guid(59972afe454f8f049ab6e9cbb2d4d63d) Importer(815301076,1909f56bfc062723c751e8b465ee728b)
Start importing Assets/ScriptableObjects/Enemy Patrol Points/PatrolPoint (20,30).asset using Guid(59972afe454f8f049ab6e9cbb2d4d63d) Importer(815301076,1909f56bfc062723c751e8b465ee728b)  -> (artifact id: 'b8745579ada2e8df731a05c5d405e177') in 0.004568 seconds 
========================================================================
Received Import Request.
  Time since last request: 16.183765 seconds.
  path: Assets/ScriptableObjects/Enemy Patrol Points/PatrolPoint (9,-15).asset
  artifactKey: Guid(7dcb473e50ca41a4194df3010d01d4a4) Importer(815301076,1909f56bfc062723c751e8b465ee728b)
Start importing Assets/ScriptableObjects/Enemy Patrol Points/PatrolPoint (9,-15).asset using Guid(7dcb473e50ca41a4194df3010d01d4a4) Importer(815301076,1909f56bfc062723c751e8b465ee728b)  -> (artifact id: '93a0c490450788b7e94a3f14c62095d5') in 0.004531 seconds 
========================================================================
Received Import Request.
  Time since last request: 23.980713 seconds.
  path: Assets/ScriptableObjects/Enemy Patrol Points/PatrolPoint (20,30).asset
  artifactKey: Guid(59972afe454f8f049ab6e9cbb2d4d63d) Importer(815301076,1909f56bfc062723c751e8b465ee728b)
Start importing Assets/ScriptableObjects/Enemy Patrol Points/PatrolPoint (20,30).asset using Guid(59972afe454f8f049ab6e9cbb2d4d63d) Importer(815301076,1909f56bfc062723c751e8b465ee728b)  -> (artifact id: '0c4f6289d4f3599a863e21057203c5ed') in 0.002863 seconds 
========================================================================
Received Import Request.
  Time since last request: 4.281435 seconds.
  path: Assets/ScriptableObjects/Enemy Patrol Points/PatrolPoint (20,0).asset
  artifactKey: Guid(f46cc0115548ac944a0f7b78db044785) Importer(815301076,1909f56bfc062723c751e8b465ee728b)
Start importing Assets/ScriptableObjects/Enemy Patrol Points/PatrolPoint (20,0).asset using Guid(f46cc0115548ac944a0f7b78db044785) Importer(815301076,1909f56bfc062723c751e8b465ee728b)  -> (artifact id: 'd610c0bec532b51618d301d539311895') in 0.003962 seconds 
========================================================================
Received Import Request.
  Time since last request: 27.843776 seconds.
  path: Assets/ScriptableObjects/Enemy Patrol Points/PatrolPoint (-40,20).asset
  artifactKey: Guid(ed7d77103f9a0e34db91be56060c0caf) Importer(815301076,1909f56bfc062723c751e8b465ee728b)
Start importing Assets/ScriptableObjects/Enemy Patrol Points/PatrolPoint (-40,20).asset using Guid(ed7d77103f9a0e34db91be56060c0caf) Importer(815301076,1909f56bfc062723c751e8b465ee728b)  -> (artifact id: 'cac850f9e27d807af50a087f4719886a') in 0.003805 seconds 
========================================================================
Received Import Request.
  Time since last request: 28.059734 seconds.
  path: Assets/ScriptableObjects/Enemy Patrol Points/PatrolPoint (9,-15).asset
  artifactKey: Guid(7dcb473e50ca41a4194df3010d01d4a4) Importer(815301076,1909f56bfc062723c751e8b465ee728b)
Start importing Assets/ScriptableObjects/Enemy Patrol Points/PatrolPoint (9,-15).asset using Guid(7dcb473e50ca41a4194df3010d01d4a4) Importer(815301076,1909f56bfc062723c751e8b465ee728b)  -> (artifact id: 'c85543cf52af3521e17aee38d774f47b') in 0.006643 seconds 
========================================================================
Received Prepare
Registering precompiled user dll's ...
Registered in 0.003908 seconds.
Begin MonoManager ReloadAssembly
Native extension for WindowsStandalone target not found
Native extension for Android target not found
Native extension for WebGL target not found
Refreshing native plugins compatible for Editor in 0.85 ms, found 2 plugins.
Preloading 0 native plugins for Editor in 0.00 ms.
Mono: successfully reloaded assembly
- Completed reload, in  1.107 seconds
Domain Reload Profiling:
	ReloadAssembly (1108ms)
		BeginReloadAssembly (140ms)
			ExecutionOrderSort (0ms)
			DisableScriptedObjects (4ms)
			BackupInstance (0ms)
			ReleaseScriptingObjects (0ms)
			CreateAndSetChildDomain (42ms)
		EndReloadAssembly (864ms)
			LoadAssemblies (84ms)
			RebuildTransferFunctionScriptingTraits (0ms)
			SetupTypeCache (200ms)
			ReleaseScriptCaches (2ms)
			RebuildScriptCaches (43ms)
			SetupLoadedEditorAssemblies (479ms)
				LogAssemblyErrors (0ms)
				InitializePlatformSupportModulesInManaged (19ms)
				SetLoadedEditorAssemblies (0ms)
				RefreshPlugins (1ms)
				BeforeProcessingInitializeOnLoad (48ms)
				ProcessInitializeOnLoadAttributes (228ms)
				ProcessInitializeOnLoadMethodAttributes (177ms)
				AfterProcessingInitializeOnLoad (5ms)
				EditorAssembliesLoaded (0ms)
			ExecutionOrderSort2 (0ms)
			AwakeInstancesAfterBackupRestoration (7ms)
Platform modules already initialized, skipping
Refreshing native plugins compatible for Editor in 5.65 ms, found 2 plugins.
Preloading 0 native plugins for Editor in 0.00 ms.
Unloading 2446 Unused Serialized files (Serialized files now loaded: 0)
Unloading 56 unused Assets / (310.9 KB). Loaded Objects now: 2915.
Memory consumption went from 95.9 MB to 95.6 MB.
Total: 6.454300 ms (FindLiveObjects: 0.357800 ms CreateObjectMapping: 0.364900 ms MarkObjects: 5.630800 ms  DeleteObjects: 0.098600 ms)

AssetImportParameters requested are different than current active one (requested -> active):
  custom:video-decoder-ogg-theora: a1e56fd34408186e4bbccfd4996cb3dc -> 
  custom:container-muxer-webm: aa71ff27fc2769a1b78a27578f13a17b -> 
  custom:container-demuxer-webm: 4f35f7cbe854078d1ac9338744f61a02 -> 
  custom:video-encoder-webm-vp8: eb34c28f22e8b96e1ab97ce403110664 -> 
  custom:video-codec-MediaFoundation-h265: 746d11721c4dcdbdad8f713fa42b33f4 -> 
  custom:audio-encoder-webm-vorbis: bf7c407c2cedff20999df2af8eb42d56 -> 
  custom:framework-win-MediaFoundation: 216162199b28c13a410421893ffa2e32 -> 
  custom:container-demuxer-ogg: 62fdf1f143b41e24485cea50d1cbac27 -> 
  custom:video-decoder-webm-vp8: 9c59270c3fd7afecdb556c50c9e8de78 -> 
  custom:audio-decoder-ogg-vorbis: bf7c407c2cedff20999df2af8eb42d56 -> 
========================================================================
Received Prepare
Registering precompiled user dll's ...
Registered in 0.005245 seconds.
Begin MonoManager ReloadAssembly
Native extension for WindowsStandalone target not found
Native extension for Android target not found
Native extension for WebGL target not found
Refreshing native plugins compatible for Editor in 1.05 ms, found 2 plugins.
Preloading 0 native plugins for Editor in 0.00 ms.
Mono: successfully reloaded assembly
- Completed reload, in  1.056 seconds
Domain Reload Profiling:
	ReloadAssembly (1056ms)
		BeginReloadAssembly (141ms)
			ExecutionOrderSort (0ms)
			DisableScriptedObjects (4ms)
			BackupInstance (0ms)
			ReleaseScriptingObjects (0ms)
			CreateAndSetChildDomain (47ms)
		EndReloadAssembly (816ms)
			LoadAssemblies (80ms)
			RebuildTransferFunctionScriptingTraits (0ms)
			SetupTypeCache (247ms)
			ReleaseScriptCaches (3ms)
			RebuildScriptCaches (43ms)
			SetupLoadedEditorAssemblies (399ms)
				LogAssemblyErrors (0ms)
				InitializePlatformSupportModulesInManaged (18ms)
				SetLoadedEditorAssemblies (0ms)
				RefreshPlugins (1ms)
				BeforeProcessingInitializeOnLoad (61ms)
				ProcessInitializeOnLoadAttributes (194ms)
				ProcessInitializeOnLoadMethodAttributes (121ms)
				AfterProcessingInitializeOnLoad (4ms)
				EditorAssembliesLoaded (0ms)
			ExecutionOrderSort2 (0ms)
			AwakeInstancesAfterBackupRestoration (8ms)
Platform modules already initialized, skipping
Refreshing native plugins compatible for Editor in 3.72 ms, found 2 plugins.
Preloading 0 native plugins for Editor in 0.00 ms.
Unloading 2446 Unused Serialized files (Serialized files now loaded: 0)
Unloading 56 unused Assets / (311.0 KB). Loaded Objects now: 2918.
Memory consumption went from 95.9 MB to 95.6 MB.
Total: 4.705700 ms (FindLiveObjects: 0.187800 ms CreateObjectMapping: 0.053700 ms MarkObjects: 4.398700 ms  DeleteObjects: 0.064400 ms)

AssetImportParameters requested are different than current active one (requested -> active):
  custom:video-decoder-ogg-theora: a1e56fd34408186e4bbccfd4996cb3dc -> 
  custom:container-muxer-webm: aa71ff27fc2769a1b78a27578f13a17b -> 
  custom:container-demuxer-webm: 4f35f7cbe854078d1ac9338744f61a02 -> 
  custom:video-encoder-webm-vp8: eb34c28f22e8b96e1ab97ce403110664 -> 
  custom:video-codec-MediaFoundation-h265: 746d11721c4dcdbdad8f713fa42b33f4 -> 
  custom:audio-encoder-webm-vorbis: bf7c407c2cedff20999df2af8eb42d56 -> 
  custom:framework-win-MediaFoundation: 216162199b28c13a410421893ffa2e32 -> 
  custom:container-demuxer-ogg: 62fdf1f143b41e24485cea50d1cbac27 -> 
  custom:video-decoder-webm-vp8: 9c59270c3fd7afecdb556c50c9e8de78 -> 
  custom:audio-decoder-ogg-vorbis: bf7c407c2cedff20999df2af8eb42d56 -> 
========================================================================
Received Prepare
Registering precompiled user dll's ...
Registered in 0.003236 seconds.
Begin MonoManager ReloadAssembly
Native extension for WindowsStandalone target not found
Native extension for Android target not found
Native extension for WebGL target not found
Refreshing native plugins compatible for Editor in 0.90 ms, found 2 plugins.
Preloading 0 native plugins for Editor in 0.00 ms.
Mono: successfully reloaded assembly
- Completed reload, in  1.039 seconds
Domain Reload Profiling:
	ReloadAssembly (1040ms)
		BeginReloadAssembly (143ms)
			ExecutionOrderSort (0ms)
			DisableScriptedObjects (4ms)
			BackupInstance (0ms)
			ReleaseScriptingObjects (0ms)
			CreateAndSetChildDomain (45ms)
		EndReloadAssembly (805ms)
			LoadAssemblies (83ms)
			RebuildTransferFunctionScriptingTraits (0ms)
			SetupTypeCache (193ms)
			ReleaseScriptCaches (2ms)
			RebuildScriptCaches (47ms)
			SetupLoadedEditorAssemblies (446ms)
				LogAssemblyErrors (0ms)
				InitializePlatformSupportModulesInManaged (18ms)
				SetLoadedEditorAssemblies (0ms)
				RefreshPlugins (1ms)
				BeforeProcessingInitializeOnLoad (52ms)
				ProcessInitializeOnLoadAttributes (220ms)
				ProcessInitializeOnLoadMethodAttributes (151ms)
				AfterProcessingInitializeOnLoad (4ms)
				EditorAssembliesLoaded (0ms)
			ExecutionOrderSort2 (0ms)
			AwakeInstancesAfterBackupRestoration (7ms)
Platform modules already initialized, skipping
Refreshing native plugins compatible for Editor in 4.65 ms, found 2 plugins.
Preloading 0 native plugins for Editor in 0.00 ms.
Unloading 2446 Unused Serialized files (Serialized files now loaded: 0)
Unloading 56 unused Assets / (310.8 KB). Loaded Objects now: 2921.
Memory consumption went from 95.9 MB to 95.6 MB.
Total: 5.884100 ms (FindLiveObjects: 0.243400 ms CreateObjectMapping: 0.067800 ms MarkObjects: 5.491300 ms  DeleteObjects: 0.080100 ms)

AssetImportParameters requested are different than current active one (requested -> active):
  custom:video-decoder-ogg-theora: a1e56fd34408186e4bbccfd4996cb3dc -> 
  custom:container-muxer-webm: aa71ff27fc2769a1b78a27578f13a17b -> 
  custom:container-demuxer-webm: 4f35f7cbe854078d1ac9338744f61a02 -> 
  custom:video-encoder-webm-vp8: eb34c28f22e8b96e1ab97ce403110664 -> 
  custom:video-codec-MediaFoundation-h265: 746d11721c4dcdbdad8f713fa42b33f4 -> 
  custom:audio-encoder-webm-vorbis: bf7c407c2cedff20999df2af8eb42d56 -> 
  custom:framework-win-MediaFoundation: 216162199b28c13a410421893ffa2e32 -> 
  custom:container-demuxer-ogg: 62fdf1f143b41e24485cea50d1cbac27 -> 
  custom:video-decoder-webm-vp8: 9c59270c3fd7afecdb556c50c9e8de78 -> 
  custom:audio-decoder-ogg-vorbis: bf7c407c2cedff20999df2af8eb42d56 -> 
